###############################################################################
# logic
###############################################################################

# equality comparator
../../tb/logic/eql_cmp_tb.sv

# binary to one-hot conversion
../../tb/logic/bin2oht_tb.sv

# one-hot to binary conversion
../../tb/logic/oht2bin_tb.sv

# priority to thermometer conversion
../../tb/logic/pry2thr_tb.sv

# priority to one-hot conversion
../../tb/logic/pry2oht_tb.sv

# priority to one-hot conversion (backward valid propagation)
#../../tb/logic/pry2oht_bck_tb.sv

# magnitude comparator
../../tb/logic/mag_cmp_tb.sv

../../tb/logic/priority_encoder_tb.sv
../../tb/logic/programmable_priority_encoder_tb.sv

###############################################################################
# arithmetic
###############################################################################

# counters
../../tb/arithmetic/counter_wrap_tb.sv
../../tb/arithmetic/counter_last_tb.sv
#../../tb/arithmetic/counter_modulo_tb.sv
#../../tb/arithmetic/counter_fractional_tb.sv

###############################################################################
# multiplexer
###############################################################################

# multiplexer with one-hot select
../../tb/multiplexer/mux_oht_tb.sv

# multiplexer with one-hot select
../../tb/multiplexer/mux_pry_tb.sv

# multiplexer with binary select
../../tb/multiplexer/mux_bin_tb.sv

###############################################################################
# mixed
###############################################################################

../../tb/vivado_simulator_bug_encoder_tb.sv
